Started GET "/" for ::1 at 2019-04-03 11:23:11 -0400
  
ActiveRecord::PendingMigrationError (

Migrations are pending. To resolve this issue, run:

        bin/rails db:migrate RAILS_ENV=development

):
  
activerecord (5.2.2.1) lib/active_record/migration.rb:579:in `check_pending!'
activerecord (5.2.2.1) lib/active_record/migration.rb:556:in `call'
actionpack (5.2.2.1) lib/action_dispatch/middleware/callbacks.rb:28:in `block in call'
activesupport (5.2.2.1) lib/active_support/callbacks.rb:98:in `run_callbacks'
actionpack (5.2.2.1) lib/action_dispatch/middleware/callbacks.rb:26:in `call'
actionpack (5.2.2.1) lib/action_dispatch/middleware/executor.rb:14:in `call'
actionpack (5.2.2.1) lib/action_dispatch/middleware/debug_exceptions.rb:61:in `call'
web-console (3.7.0) lib/web_console/middleware.rb:135:in `call_app'
web-console (3.7.0) lib/web_console/middleware.rb:30:in `block in call'
web-console (3.7.0) lib/web_console/middleware.rb:20:in `catch'
web-console (3.7.0) lib/web_console/middleware.rb:20:in `call'
actionpack (5.2.2.1) lib/action_dispatch/middleware/show_exceptions.rb:33:in `call'
railties (5.2.2.1) lib/rails/rack/logger.rb:38:in `call_app'
railties (5.2.2.1) lib/rails/rack/logger.rb:26:in `block in call'
activesupport (5.2.2.1) lib/active_support/tagged_logging.rb:71:in `block in tagged'
activesupport (5.2.2.1) lib/active_support/tagged_logging.rb:28:in `tagged'
activesupport (5.2.2.1) lib/active_support/tagged_logging.rb:71:in `tagged'
railties (5.2.2.1) lib/rails/rack/logger.rb:26:in `call'
sprockets-rails (3.2.1) lib/sprockets/rails/quiet_assets.rb:13:in `call'
actionpack (5.2.2.1) lib/action_dispatch/middleware/remote_ip.rb:81:in `call'
actionpack (5.2.2.1) lib/action_dispatch/middleware/request_id.rb:27:in `call'
rack (2.0.6) lib/rack/method_override.rb:22:in `call'
rack (2.0.6) lib/rack/runtime.rb:22:in `call'
activesupport (5.2.2.1) lib/active_support/cache/strategy/local_cache_middleware.rb:29:in `call'
actionpack (5.2.2.1) lib/action_dispatch/middleware/executor.rb:14:in `call'
actionpack (5.2.2.1) lib/action_dispatch/middleware/static.rb:127:in `call'
rack (2.0.6) lib/rack/sendfile.rb:111:in `call'
railties (5.2.2.1) lib/rails/engine.rb:524:in `call'
puma (3.12.1) lib/puma/configuration.rb:227:in `call'
puma (3.12.1) lib/puma/server.rb:660:in `handle_request'
puma (3.12.1) lib/puma/server.rb:474:in `process_client'
puma (3.12.1) lib/puma/server.rb:334:in `block in run'
puma (3.12.1) lib/puma/thread_pool.rb:135:in `block in spawn_thread'
  [1m[35m (0.1ms)[0m  [1m[34mSELECT sqlite_version(*)[0m
  ↳ /usr/local/bin/rake:22
  [1m[35m (1.5ms)[0m  [1m[35mCREATE TABLE "schema_migrations" ("version" varchar NOT NULL PRIMARY KEY)[0m
  ↳ /usr/local/bin/rake:22
  [1m[35m (1.0ms)[0m  [1m[35mCREATE TABLE "ar_internal_metadata" ("key" varchar NOT NULL PRIMARY KEY, "value" varchar, "created_at" datetime NOT NULL, "updated_at" datetime NOT NULL)[0m
  ↳ /usr/local/bin/rake:22
  [1m[35m (0.1ms)[0m  [1m[34mSELECT "schema_migrations"."version" FROM "schema_migrations" ORDER BY "schema_migrations"."version" ASC[0m
  ↳ /usr/local/bin/rake:22
Migrating to CreateContractuals (20190403143913)
  [1m[35m (0.1ms)[0m  [1m[36mbegin transaction[0m
  ↳ /usr/local/bin/rake:22
  [1m[35m (0.6ms)[0m  [1m[35mCREATE TABLE "contractuals" ("id" integer PRIMARY KEY AUTOINCREMENT NOT NULL, "name" varchar, "email" varchar, "username" varchar, "password" varchar, "created_at" datetime NOT NULL, "updated_at" datetime NOT NULL)[0m
  ↳ db/migrate/20190403143913_create_contractuals.rb:3
  [1m[36mActiveRecord::SchemaMigration Create (0.3ms)[0m  [1m[32mINSERT INTO "schema_migrations" ("version") VALUES (?)[0m  [["version", "20190403143913"]]
  ↳ /usr/local/bin/rake:22
  [1m[35m (0.9ms)[0m  [1m[36mcommit transaction[0m
  ↳ /usr/local/bin/rake:22
Migrating to CreateCustomers (20190403143923)
  [1m[35m (0.1ms)[0m  [1m[36mbegin transaction[0m
  ↳ /usr/local/bin/rake:22
  [1m[35m (1.1ms)[0m  [1m[35mCREATE TABLE "customers" ("id" integer PRIMARY KEY AUTOINCREMENT NOT NULL, "name" varchar, "email" varchar, "username" varchar, "password" varchar, "created_at" datetime NOT NULL, "updated_at" datetime NOT NULL)[0m
  ↳ db/migrate/20190403143923_create_customers.rb:3
  [1m[36mActiveRecord::SchemaMigration Create (0.3ms)[0m  [1m[32mINSERT INTO "schema_migrations" ("version") VALUES (?)[0m  [["version", "20190403143923"]]
  ↳ /usr/local/bin/rake:22
  [1m[35m (0.8ms)[0m  [1m[36mcommit transaction[0m
  ↳ /usr/local/bin/rake:22
Migrating to CreateContrats (20190403144800)
  [1m[35m (0.0ms)[0m  [1m[36mbegin transaction[0m
  ↳ /usr/local/bin/rake:22
  [1m[35m (0.4ms)[0m  [1m[35mCREATE TABLE "contrats" ("id" integer PRIMARY KEY AUTOINCREMENT NOT NULL, "created_at" datetime NOT NULL, "updated_at" datetime NOT NULL)[0m
  ↳ db/migrate/20190403144800_create_contrats.rb:3
  [1m[36mActiveRecord::SchemaMigration Create (0.3ms)[0m  [1m[32mINSERT INTO "schema_migrations" ("version") VALUES (?)[0m  [["version", "20190403144800"]]
  ↳ /usr/local/bin/rake:22
  [1m[35m (0.6ms)[0m  [1m[36mcommit transaction[0m
  ↳ /usr/local/bin/rake:22
  [1m[36mActiveRecord::InternalMetadata Load (0.2ms)[0m  [1m[34mSELECT  "ar_internal_metadata".* FROM "ar_internal_metadata" WHERE "ar_internal_metadata"."key" = ? LIMIT ?[0m  [["key", "environment"], ["LIMIT", 1]]
  ↳ /usr/local/bin/rake:22
  [1m[35m (0.1ms)[0m  [1m[36mbegin transaction[0m
  ↳ /usr/local/bin/rake:22
  [1m[36mActiveRecord::InternalMetadata Create (0.4ms)[0m  [1m[32mINSERT INTO "ar_internal_metadata" ("key", "value", "created_at", "updated_at") VALUES (?, ?, ?, ?)[0m  [["key", "environment"], ["value", "development"], ["created_at", "2019-04-03 16:02:13.477881"], ["updated_at", "2019-04-03 16:02:13.477881"]]
  ↳ /usr/local/bin/rake:22
  [1m[35m (0.8ms)[0m  [1m[36mcommit transaction[0m
  ↳ /usr/local/bin/rake:22
  [1m[35m (0.1ms)[0m  [1m[34mSELECT "schema_migrations"."version" FROM "schema_migrations" ORDER BY "schema_migrations"."version" ASC[0m
  ↳ /usr/local/bin/rake:22
Started GET "/" for ::1 at 2019-04-03 12:02:43 -0400
  [1m[35m (0.1ms)[0m  [1m[34mSELECT "schema_migrations"."version" FROM "schema_migrations" ORDER BY "schema_migrations"."version" ASC[0m
  ↳ /Library/Ruby/Gems/2.3.0/gems/activerecord-5.2.2.1/lib/active_record/log_subscriber.rb:98
Processing by Rails::WelcomeController#index as HTML
  Rendering /Library/Ruby/Gems/2.3.0/gems/railties-5.2.2.1/lib/rails/templates/rails/welcome/index.html.erb
  Rendered /Library/Ruby/Gems/2.3.0/gems/railties-5.2.2.1/lib/rails/templates/rails/welcome/index.html.erb (4.2ms)
Completed 200 OK in 32ms (Views: 10.5ms | ActiveRecord: 0.0ms)


  [1m[35m (0.1ms)[0m  [1m[34mSELECT sqlite_version(*)[0m
  ↳ /usr/local/bin/rake:22
  [1m[35m (1.5ms)[0m  [1m[35mCREATE TABLE "schema_migrations" ("version" varchar NOT NULL PRIMARY KEY)[0m
  ↳ /usr/local/bin/rake:22
  [1m[35m (1.4ms)[0m  [1m[35mCREATE TABLE "ar_internal_metadata" ("key" varchar NOT NULL PRIMARY KEY, "value" varchar, "created_at" datetime NOT NULL, "updated_at" datetime NOT NULL)[0m
  ↳ /usr/local/bin/rake:22
  [1m[35m (0.1ms)[0m  [1m[34mSELECT "schema_migrations"."version" FROM "schema_migrations" ORDER BY "schema_migrations"."version" ASC[0m
  ↳ /usr/local/bin/rake:22
Migrating to CreateContractuals (20190403143913)
  [1m[35m (0.1ms)[0m  [1m[36mbegin transaction[0m
  ↳ /usr/local/bin/rake:22
  [1m[35m (0.4ms)[0m  [1m[35mCREATE TABLE "contractuals" ("id" integer PRIMARY KEY AUTOINCREMENT NOT NULL, "name" varchar, "email" varchar, "username" varchar, "profession" varchar, "password" varchar, "created_at" datetime NOT NULL, "updated_at" datetime NOT NULL)[0m
  ↳ db/migrate/20190403143913_create_contractuals.rb:3
  [1m[36mActiveRecord::SchemaMigration Create (0.2ms)[0m  [1m[32mINSERT INTO "schema_migrations" ("version") VALUES (?)[0m  [["version", "20190403143913"]]
  ↳ /usr/local/bin/rake:22
  [1m[35m (0.9ms)[0m  [1m[36mcommit transaction[0m
  ↳ /usr/local/bin/rake:22
Migrating to CreateCustomers (20190403143923)
  [1m[35m (0.1ms)[0m  [1m[36mbegin transaction[0m
  ↳ /usr/local/bin/rake:22
  [1m[35m (0.5ms)[0m  [1m[35mCREATE TABLE "customers" ("id" integer PRIMARY KEY AUTOINCREMENT NOT NULL, "name" varchar, "email" varchar, "username" varchar, "password" varchar, "created_at" datetime NOT NULL, "updated_at" datetime NOT NULL)[0m
  ↳ db/migrate/20190403143923_create_customers.rb:3
  [1m[36mActiveRecord::SchemaMigration Create (0.2ms)[0m  [1m[32mINSERT INTO "schema_migrations" ("version") VALUES (?)[0m  [["version", "20190403143923"]]
  ↳ /usr/local/bin/rake:22
  [1m[35m (0.9ms)[0m  [1m[36mcommit transaction[0m
  ↳ /usr/local/bin/rake:22
Migrating to CreateContrats (20190403144800)
  [1m[35m (0.0ms)[0m  [1m[36mbegin transaction[0m
  ↳ /usr/local/bin/rake:22
  [1m[35m (0.3ms)[0m  [1m[35mCREATE TABLE "contrats" ("id" integer PRIMARY KEY AUTOINCREMENT NOT NULL, "created_at" datetime NOT NULL, "updated_at" datetime NOT NULL)[0m
  ↳ db/migrate/20190403144800_create_contrats.rb:3
  [1m[36mActiveRecord::SchemaMigration Create (0.1ms)[0m  [1m[32mINSERT INTO "schema_migrations" ("version") VALUES (?)[0m  [["version", "20190403144800"]]
  ↳ /usr/local/bin/rake:22
  [1m[35m (0.6ms)[0m  [1m[36mcommit transaction[0m
  ↳ /usr/local/bin/rake:22
Migrating to AddContractualIdToContracts (20190403172701)
  [1m[35m (0.1ms)[0m  [1m[36mbegin transaction[0m
  ↳ /usr/local/bin/rake:22
  [1m[35m (0.4ms)[0m  [1m[35mALTER TABLE "contracts" ADD "contractual_id" integer[0m
  ↳ db/migrate/20190403172701_add_contractual_id_to_contracts.rb:3
  [1m[35m (0.1ms)[0m  [1m[31mrollback transaction[0m
  ↳ /usr/local/bin/rake:22
  [1m[35m (0.1ms)[0m  [1m[34mSELECT sqlite_version(*)[0m
  ↳ /usr/local/bin/rake:22
  [1m[35m (1.4ms)[0m  [1m[35mCREATE TABLE "schema_migrations" ("version" varchar NOT NULL PRIMARY KEY)[0m
  ↳ /usr/local/bin/rake:22
  [1m[35m (1.1ms)[0m  [1m[35mCREATE TABLE "ar_internal_metadata" ("key" varchar NOT NULL PRIMARY KEY, "value" varchar, "created_at" datetime NOT NULL, "updated_at" datetime NOT NULL)[0m
  ↳ /usr/local/bin/rake:22
  [1m[35m (0.2ms)[0m  [1m[34mSELECT "schema_migrations"."version" FROM "schema_migrations" ORDER BY "schema_migrations"."version" ASC[0m
  ↳ /usr/local/bin/rake:22
Migrating to CreateContractuals (20190403143913)
  [1m[35m (0.1ms)[0m  [1m[36mbegin transaction[0m
  ↳ /usr/local/bin/rake:22
  [1m[35m (0.4ms)[0m  [1m[35mCREATE TABLE "contractuals" ("id" integer PRIMARY KEY AUTOINCREMENT NOT NULL, "name" varchar, "email" varchar, "username" varchar, "profession" varchar, "password" varchar, "created_at" datetime NOT NULL, "updated_at" datetime NOT NULL)[0m
  ↳ db/migrate/20190403143913_create_contractuals.rb:3
  [1m[36mActiveRecord::SchemaMigration Create (0.2ms)[0m  [1m[32mINSERT INTO "schema_migrations" ("version") VALUES (?)[0m  [["version", "20190403143913"]]
  ↳ /usr/local/bin/rake:22
  [1m[35m (1.1ms)[0m  [1m[36mcommit transaction[0m
  ↳ /usr/local/bin/rake:22
Migrating to CreateCustomers (20190403143923)
  [1m[35m (0.0ms)[0m  [1m[36mbegin transaction[0m
  ↳ /usr/local/bin/rake:22
  [1m[35m (0.4ms)[0m  [1m[35mCREATE TABLE "customers" ("id" integer PRIMARY KEY AUTOINCREMENT NOT NULL, "name" varchar, "email" varchar, "username" varchar, "password" varchar, "created_at" datetime NOT NULL, "updated_at" datetime NOT NULL)[0m
  ↳ db/migrate/20190403143923_create_customers.rb:3
  [1m[36mActiveRecord::SchemaMigration Create (0.1ms)[0m  [1m[32mINSERT INTO "schema_migrations" ("version") VALUES (?)[0m  [["version", "20190403143923"]]
  ↳ /usr/local/bin/rake:22
  [1m[35m (0.9ms)[0m  [1m[36mcommit transaction[0m
  ↳ /usr/local/bin/rake:22
Migrating to CreateContrats (20190403144800)
  [1m[35m (0.1ms)[0m  [1m[34mSELECT sqlite_version(*)[0m
  ↳ /usr/local/bin/rake:22
  [1m[35m (1.6ms)[0m  [1m[35mCREATE TABLE "schema_migrations" ("version" varchar NOT NULL PRIMARY KEY)[0m
  ↳ /usr/local/bin/rake:22
  [1m[35m (1.1ms)[0m  [1m[35mCREATE TABLE "ar_internal_metadata" ("key" varchar NOT NULL PRIMARY KEY, "value" varchar, "created_at" datetime NOT NULL, "updated_at" datetime NOT NULL)[0m
  ↳ /usr/local/bin/rake:22
  [1m[35m (0.1ms)[0m  [1m[34mSELECT "schema_migrations"."version" FROM "schema_migrations" ORDER BY "schema_migrations"."version" ASC[0m
  ↳ /usr/local/bin/rake:22
Migrating to CreateContractuals (20190403143913)
  [1m[35m (0.1ms)[0m  [1m[36mbegin transaction[0m
  ↳ /usr/local/bin/rake:22
  [1m[35m (0.4ms)[0m  [1m[35mCREATE TABLE "contractuals" ("id" integer PRIMARY KEY AUTOINCREMENT NOT NULL, "name" varchar, "email" varchar, "username" varchar, "profession" varchar, "password" varchar, "created_at" datetime NOT NULL, "updated_at" datetime NOT NULL)[0m
  ↳ db/migrate/20190403143913_create_contractuals.rb:3
  [1m[36mActiveRecord::SchemaMigration Create (0.2ms)[0m  [1m[32mINSERT INTO "schema_migrations" ("version") VALUES (?)[0m  [["version", "20190403143913"]]
  ↳ /usr/local/bin/rake:22
  [1m[35m (0.7ms)[0m  [1m[36mcommit transaction[0m
  ↳ /usr/local/bin/rake:22
Migrating to CreateCustomers (20190403143923)
  [1m[35m (0.1ms)[0m  [1m[36mbegin transaction[0m
  ↳ /usr/local/bin/rake:22
  [1m[35m (0.3ms)[0m  [1m[35mCREATE TABLE "customers" ("id" integer PRIMARY KEY AUTOINCREMENT NOT NULL, "name" varchar, "email" varchar, "username" varchar, "password" varchar, "created_at" datetime NOT NULL, "updated_at" datetime NOT NULL)[0m
  ↳ db/migrate/20190403143923_create_customers.rb:3
  [1m[36mActiveRecord::SchemaMigration Create (0.1ms)[0m  [1m[32mINSERT INTO "schema_migrations" ("version") VALUES (?)[0m  [["version", "20190403143923"]]
  ↳ /usr/local/bin/rake:22
  [1m[35m (0.6ms)[0m  [1m[36mcommit transaction[0m
  ↳ /usr/local/bin/rake:22
Migrating to CreateContrats (20190403144800)
  [1m[35m (0.5ms)[0m  [1m[34mSELECT "schema_migrations"."version" FROM "schema_migrations" ORDER BY "schema_migrations"."version" ASC[0m
  ↳ /usr/local/bin/rake:22
Migrating to AddContractualIdToContracts (20190403172701)
  [1m[35m (0.1ms)[0m  [1m[36mbegin transaction[0m
  ↳ /usr/local/bin/rake:22
  [1m[35m (0.6ms)[0m  [1m[35mALTER TABLE "contracts" ADD "contractual_id" integer[0m
  ↳ db/migrate/20190403172701_add_contractual_id_to_contracts.rb:3
  [1m[35m (0.1ms)[0m  [1m[31mrollback transaction[0m
  ↳ /usr/local/bin/rake:22
  [1m[35m (0.1ms)[0m  [1m[34mSELECT sqlite_version(*)[0m
  ↳ /usr/local/bin/rake:22
  [1m[35m (1.9ms)[0m  [1m[35mCREATE TABLE "schema_migrations" ("version" varchar NOT NULL PRIMARY KEY)[0m
  ↳ /usr/local/bin/rake:22
  [1m[35m (1.3ms)[0m  [1m[35mCREATE TABLE "ar_internal_metadata" ("key" varchar NOT NULL PRIMARY KEY, "value" varchar, "created_at" datetime NOT NULL, "updated_at" datetime NOT NULL)[0m
  ↳ /usr/local/bin/rake:22
  [1m[35m (0.1ms)[0m  [1m[34mSELECT "schema_migrations"."version" FROM "schema_migrations" ORDER BY "schema_migrations"."version" ASC[0m
  ↳ /usr/local/bin/rake:22
Migrating to CreateContractuals (20190403143913)
  [1m[35m (0.1ms)[0m  [1m[36mbegin transaction[0m
  ↳ /usr/local/bin/rake:22
  [1m[35m (0.4ms)[0m  [1m[35mCREATE TABLE "contractuals" ("id" integer PRIMARY KEY AUTOINCREMENT NOT NULL, "name" varchar, "email" varchar, "username" varchar, "profession" varchar, "password" varchar, "created_at" datetime NOT NULL, "updated_at" datetime NOT NULL)[0m
  ↳ db/migrate/20190403143913_create_contractuals.rb:3
  [1m[36mActiveRecord::SchemaMigration Create (0.2ms)[0m  [1m[32mINSERT INTO "schema_migrations" ("version") VALUES (?)[0m  [["version", "20190403143913"]]
  ↳ /usr/local/bin/rake:22
  [1m[35m (1.0ms)[0m  [1m[36mcommit transaction[0m
  ↳ /usr/local/bin/rake:22
Migrating to CreateCustomers (20190403143923)
  [1m[35m (0.0ms)[0m  [1m[36mbegin transaction[0m
  ↳ /usr/local/bin/rake:22
  [1m[35m (0.3ms)[0m  [1m[35mCREATE TABLE "customers" ("id" integer PRIMARY KEY AUTOINCREMENT NOT NULL, "name" varchar, "email" varchar, "username" varchar, "password" varchar, "created_at" datetime NOT NULL, "updated_at" datetime NOT NULL)[0m
  ↳ db/migrate/20190403143923_create_customers.rb:3
  [1m[36mActiveRecord::SchemaMigration Create (0.1ms)[0m  [1m[32mINSERT INTO "schema_migrations" ("version") VALUES (?)[0m  [["version", "20190403143923"]]
  ↳ /usr/local/bin/rake:22
  [1m[35m (1.0ms)[0m  [1m[36mcommit transaction[0m
  ↳ /usr/local/bin/rake:22
Migrating to AddContractualIdToContracts (20190403172701)
  [1m[35m (0.1ms)[0m  [1m[36mbegin transaction[0m
  ↳ /usr/local/bin/rake:22
  [1m[35m (0.7ms)[0m  [1m[35mALTER TABLE "contracts" ADD "contractual_id" integer[0m
  ↳ db/migrate/20190403172701_add_contractual_id_to_contracts.rb:3
  [1m[35m (0.0ms)[0m  [1m[31mrollback transaction[0m
  ↳ /usr/local/bin/rake:22
  [1m[35m (0.2ms)[0m  [1m[34mSELECT sqlite_version(*)[0m
  ↳ /usr/local/bin/rake:22
  [1m[35m (1.1ms)[0m  [1m[35mCREATE TABLE "schema_migrations" ("version" varchar NOT NULL PRIMARY KEY)[0m
  ↳ /usr/local/bin/rake:22
  [1m[35m (1.1ms)[0m  [1m[35mCREATE TABLE "ar_internal_metadata" ("key" varchar NOT NULL PRIMARY KEY, "value" varchar, "created_at" datetime NOT NULL, "updated_at" datetime NOT NULL)[0m
  ↳ /usr/local/bin/rake:22
  [1m[35m (0.2ms)[0m  [1m[34mSELECT "schema_migrations"."version" FROM "schema_migrations" ORDER BY "schema_migrations"."version" ASC[0m
  ↳ /usr/local/bin/rake:22
Migrating to CreateContracts (20190404155903)
  [1m[35m (0.1ms)[0m  [1m[36mbegin transaction[0m
  ↳ /usr/local/bin/rake:22
  [1m[35m (1.0ms)[0m  [1m[35mCREATE TABLE "contracts" ("id" integer PRIMARY KEY AUTOINCREMENT NOT NULL, "created_at" datetime NOT NULL, "updated_at" datetime NOT NULL)[0m
  ↳ db/migrate/20190404155903_create_contracts.rb:3
  [1m[36mActiveRecord::SchemaMigration Create (0.1ms)[0m  [1m[32mINSERT INTO "schema_migrations" ("version") VALUES (?)[0m  [["version", "20190404155903"]]
  ↳ /usr/local/bin/rake:22
  [1m[35m (0.7ms)[0m  [1m[36mcommit transaction[0m
  ↳ /usr/local/bin/rake:22
Migrating to CreateContractuals (20190404160014)
  [1m[35m (0.0ms)[0m  [1m[36mbegin transaction[0m
  ↳ /usr/local/bin/rake:22
  [1m[35m (0.5ms)[0m  [1m[35mCREATE TABLE "contractuals" ("id" integer PRIMARY KEY AUTOINCREMENT NOT NULL, "name" varchar, "email" varchar, "username" varchar, "profession" varchar, "password" varchar, "created_at" datetime NOT NULL, "updated_at" datetime NOT NULL)[0m
  ↳ db/migrate/20190404160014_create_contractuals.rb:3
  [1m[36mActiveRecord::SchemaMigration Create (0.1ms)[0m  [1m[32mINSERT INTO "schema_migrations" ("version") VALUES (?)[0m  [["version", "20190404160014"]]
  ↳ /usr/local/bin/rake:22
  [1m[35m (0.9ms)[0m  [1m[36mcommit transaction[0m
  ↳ /usr/local/bin/rake:22
Migrating to CreateCustomers (20190404160055)
  [1m[35m (0.1ms)[0m  [1m[36mbegin transaction[0m
  ↳ /usr/local/bin/rake:22
  [1m[35m (0.4ms)[0m  [1m[35mCREATE TABLE "customers" ("id" integer PRIMARY KEY AUTOINCREMENT NOT NULL, "name" varchar, "email" varchar, "username" varchar, "password" varchar, "created_at" datetime NOT NULL, "updated_at" datetime NOT NULL)[0m
  ↳ db/migrate/20190404160055_create_customers.rb:3
  [1m[36mActiveRecord::SchemaMigration Create (0.2ms)[0m  [1m[32mINSERT INTO "schema_migrations" ("version") VALUES (?)[0m  [["version", "20190404160055"]]
  ↳ /usr/local/bin/rake:22
  [1m[35m (1.2ms)[0m  [1m[36mcommit transaction[0m
  ↳ /usr/local/bin/rake:22
Migrating to AddContractualIdToContracts (20190404160212)
  [1m[35m (0.0ms)[0m  [1m[36mbegin transaction[0m
  ↳ /usr/local/bin/rake:22
  [1m[35m (1.1ms)[0m  [1m[35mALTER TABLE "contracts" ADD "contractual_id" integer[0m
  ↳ db/migrate/20190404160212_add_contractual_id_to_contracts.rb:3
  [1m[36mActiveRecord::SchemaMigration Create (0.1ms)[0m  [1m[32mINSERT INTO "schema_migrations" ("version") VALUES (?)[0m  [["version", "20190404160212"]]
  ↳ /usr/local/bin/rake:22
  [1m[35m (0.9ms)[0m  [1m[36mcommit transaction[0m
  ↳ /usr/local/bin/rake:22
Migrating to AddCustomerIdToContracts (20190404160300)
  [1m[35m (0.1ms)[0m  [1m[36mbegin transaction[0m
  ↳ /usr/local/bin/rake:22
  [1m[35m (0.7ms)[0m  [1m[35mALTER TABLE "contracts" ADD "customer_id" integer[0m
  ↳ db/migrate/20190404160300_add_customer_id_to_contracts.rb:3
  [1m[36mActiveRecord::SchemaMigration Create (0.3ms)[0m  [1m[32mINSERT INTO "schema_migrations" ("version") VALUES (?)[0m  [["version", "20190404160300"]]
  ↳ /usr/local/bin/rake:22
  [1m[35m (0.9ms)[0m  [1m[36mcommit transaction[0m
  ↳ /usr/local/bin/rake:22
  [1m[36mActiveRecord::InternalMetadata Load (0.2ms)[0m  [1m[34mSELECT  "ar_internal_metadata".* FROM "ar_internal_metadata" WHERE "ar_internal_metadata"."key" = ? LIMIT ?[0m  [["key", "environment"], ["LIMIT", 1]]
  ↳ /usr/local/bin/rake:22
  [1m[35m (0.0ms)[0m  [1m[36mbegin transaction[0m
  ↳ /usr/local/bin/rake:22
  [1m[36mActiveRecord::InternalMetadata Create (0.6ms)[0m  [1m[32mINSERT INTO "ar_internal_metadata" ("key", "value", "created_at", "updated_at") VALUES (?, ?, ?, ?)[0m  [["key", "environment"], ["value", "development"], ["created_at", "2019-04-04 16:05:43.038982"], ["updated_at", "2019-04-04 16:05:43.038982"]]
  ↳ /usr/local/bin/rake:22
  [1m[35m (0.6ms)[0m  [1m[36mcommit transaction[0m
  ↳ /usr/local/bin/rake:22
  [1m[35m (0.2ms)[0m  [1m[34mSELECT "schema_migrations"."version" FROM "schema_migrations" ORDER BY "schema_migrations"."version" ASC[0m
  ↳ /usr/local/bin/rake:22
Started GET "/" for ::1 at 2019-04-04 12:16:58 -0400
  [1m[35m (0.6ms)[0m  [1m[34mSELECT "schema_migrations"."version" FROM "schema_migrations" ORDER BY "schema_migrations"."version" ASC[0m
  ↳ /Library/Ruby/Gems/2.3.0/gems/activerecord-5.2.2.1/lib/active_record/log_subscriber.rb:98
Processing by ApplicationController#home as HTML
  Rendering application/home.erb within layouts/application
  Rendered application/home.erb within layouts/application (1.6ms)
Completed 200 OK in 1693ms (Views: 1666.4ms | ActiveRecord: 0.0ms)


Started GET "/" for ::1 at 2019-04-04 12:17:13 -0400
Processing by ApplicationController#home as HTML
  Rendering application/home.erb within layouts/application
  Rendered application/home.erb within layouts/application (0.7ms)
Completed 200 OK in 32ms (Views: 28.2ms | ActiveRecord: 0.0ms)


Started GET "/" for ::1 at 2019-04-04 12:19:50 -0400
  [1m[35m (0.6ms)[0m  [1m[34mSELECT "schema_migrations"."version" FROM "schema_migrations" ORDER BY "schema_migrations"."version" ASC[0m
  ↳ /Library/Ruby/Gems/2.3.0/gems/activerecord-5.2.2.1/lib/active_record/log_subscriber.rb:98
Processing by ApplicationController#home as HTML
  Rendering application/home.erb within layouts/application
  Rendered application/home.erb within layouts/application (1.5ms)
Completed 200 OK in 276ms (Views: 255.2ms | ActiveRecord: 0.0ms)


Started GET "/" for ::1 at 2019-04-04 12:29:24 -0400
Processing by ApplicationController#home as HTML
  Rendering application/home.erb within layouts/application
  Rendered application/home.erb within layouts/application (0.7ms)
Completed 200 OK in 31ms (Views: 29.0ms | ActiveRecord: 0.0ms)


Started GET "/" for ::1 at 2019-04-04 12:30:16 -0400
Processing by ApplicationController#home as HTML
  Rendering application/home.erb within layouts/application
  Rendered application/home.erb within layouts/application (0.5ms)
Completed 200 OK in 64ms (Views: 60.8ms | ActiveRecord: 0.0ms)


Started GET "/" for ::1 at 2019-04-04 12:33:42 -0400
Processing by ApplicationController#home as HTML
  Rendering application/home.erb within layouts/application
  Rendered application/home.erb within layouts/application (17.3ms)
Completed 500 Internal Server Error in 22ms (ActiveRecord: 0.0ms)


  
ActionView::Template::Error (undefined method `name' for nil:NilClass):
    2:   <span><strong><a class="navbar-brand">???</a></strong></span>
    3: <div class="text-right">
    4: <%= form_tag "/customers" do %>
    5:   Name: <%= text_field_tag "name", @user.name %><br>
    6:   Email: <%= text_field_tag "email", @user.email %>
    7:   Username: <%= text_field_tag "username", @user.username %>
    8:   Password: <%= text_field_tag "password", @user.password %>
  
app/views/application/home.erb:5:in `block in _app_views_application_home_erb__3976718469068973470_70156575072700'
app/views/application/home.erb:4:in `_app_views_application_home_erb__3976718469068973470_70156575072700'
Started GET "/" for ::1 at 2019-04-04 12:34:40 -0400
Processing by ApplicationController#home as HTML
  Rendering application/home.erb within layouts/application
  Rendered application/home.erb within layouts/application (4.6ms)
Completed 500 Internal Server Error in 12ms (ActiveRecord: 0.0ms)


  
ActionView::Template::Error (undefined method `name' for nil:NilClass):
    10:   </nav>
    11: 
    12:   <%= form_tag "/customers" do %>
    13:   Name: <%= text_field_tag "name", @user.name %><br>
    14:   Email: <%= text_field_tag "email", @user.email %>
    15:   Username: <%= text_field_tag "username", @user.username %>
    16:   Password: <%= text_field_tag "password", @user.password %>
  
app/views/application/home.erb:13:in `block in _app_views_application_home_erb__3976718469068973470_70156575043160'
app/views/application/home.erb:12:in `_app_views_application_home_erb__3976718469068973470_70156575043160'
Started GET "/" for ::1 at 2019-04-04 12:37:26 -0400
Processing by ApplicationController#home as HTML
  Rendering application/home.erb within layouts/application
  Rendered application/home.erb within layouts/application (3.4ms)
Completed 500 Internal Server Error in 11ms (ActiveRecord: 0.0ms)


  
ActionView::Template::Error (undefined method `name' for nil:NilClass):
    10:  </nav>
    11: 
    12:   <%= form_tag "/customers" do %>
    13:   Name: <%= text_field_tag "name", @customer.name %><br>
    14:   Email: <%= text_field_tag "email", @customer.email %>
    15:   Username: <%= text_field_tag "username", @customer.username %>
    16:   Password: <%= text_field_tag "password", @customer.password %>
  
app/views/application/home.erb:13:in `block in _app_views_application_home_erb__3976718469068973470_70156536650240'
app/views/application/home.erb:12:in `_app_views_application_home_erb__3976718469068973470_70156536650240'
Started GET "/" for ::1 at 2019-04-04 12:42:15 -0400
Processing by ApplicationController#home as HTML
  Rendering application/home.erb within layouts/application
  Rendered application/home.erb within layouts/application (3.2ms)
Completed 500 Internal Server Error in 9ms (ActiveRecord: 0.0ms)


  
ActionView::Template::Error (First argument in form cannot contain nil or be empty):
     9:   </div>
    10:  </nav>
    11: 
    12:   <%= form_for @customer do |f| %>
    13:   <%= f.label :name %>
    14:   <%= f.text_field :name %>
    15:   <%= f.label :email %>
  
app/views/application/home.erb:12:in `_app_views_application_home_erb__3976718469068973470_70156536845040'
Started GET "/" for ::1 at 2019-04-04 12:44:40 -0400
Processing by ApplicationController#home as HTML
  Rendering application/home.erb within layouts/application
  Rendered application/home.erb within layouts/application (5.0ms)
Completed 500 Internal Server Error in 15ms (ActiveRecord: 0.0ms)


  
ActionView::Template::Error (First argument in form cannot contain nil or be empty):
     9:   </div>
    10:  </nav>
    11:    <h2> Sign Up here and Hire </h2>
    12:   <%= form_for @customer do |f| %>
    13:   <%= f.label :name %>
    14:   <%= f.text_field :name %>
    15:   <%= f.label :email %>
  
app/views/application/home.erb:12:in `_app_views_application_home_erb__3976718469068973470_70156534260360'
Started GET "/" for ::1 at 2019-04-04 12:47:10 -0400
  
SyntaxError (/Users/tesnor/portofolio-rails/app/controllers/application_controller.rb:8: syntax error, unexpected '=', expecting :: or '.'
    @customer = Customer.new
               ^
/Users/tesnor/portofolio-rails/app/controllers/application_controller.rb:11: syntax error, unexpected keyword_end, expecting end-of-input):
  
app/controllers/application_controller.rb:8: syntax error, unexpected '=', expecting :: or '.'
app/controllers/application_controller.rb:11: syntax error, unexpected keyword_end, expecting end-of-input
Started GET "/" for ::1 at 2019-04-04 12:47:39 -0400
Processing by ApplicationController#home as HTML
  Rendering application/home.erb within layouts/application
  Rendered application/home.erb within layouts/application (2.2ms)
Completed 500 Internal Server Error in 7ms (ActiveRecord: 0.0ms)


  
ActionView::Template::Error (First argument in form cannot contain nil or be empty):
     9:   </div>
    10:  </nav>
    11:    <h2> Sign Up here and Hire </h2>
    12:   <%= form_for @customer do |f| %>
    13:   <%= f.label :name %>
    14:   <%= f.text_field :name %>
    15:   <%= f.label :email %>
  
app/views/application/home.erb:12:in `_app_views_application_home_erb__3976718469068973470_70156609016160'
Started GET "/" for ::1 at 2019-04-04 13:05:07 -0400
Processing by ApplicationController#home as HTML
  Rendering application/home.erb within layouts/application
  Rendered application/home.erb within layouts/application (2.5ms)
Completed 500 Internal Server Error in 13ms (ActiveRecord: 0.0ms)


  
SyntaxError (/Users/tesnor/portofolio-rails/app/views/application/home.erb:15: syntax error, unexpected tIDENTIFIER, expecting keyword_end
...ppend=  form_for @customer  url: {action: "create"} do |f| @...
...                               ^
/Users/tesnor/portofolio-rails/app/views/application/home.erb:15: syntax error, unexpected keyword_do_block, expecting keyword_end
...mer  url: {action: "create"} do |f| @output_buffer.safe_appe...
...                               ^
/Users/tesnor/portofolio-rails/app/views/application/home.erb:27: syntax error, unexpected keyword_ensure, expecting end-of-input):
  
app/views/application/home.erb:15: syntax error, unexpected tIDENTIFIER, expecting keyword_end
app/views/application/home.erb:15: syntax error, unexpected keyword_do_block, expecting keyword_end
app/views/application/home.erb:27: syntax error, unexpected keyword_ensure, expecting end-of-input
Started GET "/" for ::1 at 2019-04-04 13:05:55 -0400
Processing by ApplicationController#home as HTML
  Rendering application/home.erb within layouts/application
  Rendered application/home.erb within layouts/application (4.8ms)
Completed 500 Internal Server Error in 12ms (ActiveRecord: 0.0ms)


  
ActionView::Template::Error (First argument in form cannot contain nil or be empty):
    12: 
    13:    <h2> Sign Up here and Hire </h2>
    14: 
    15:   <%= form_for @customer do |f| %>
    16:   <%= f.label :name %>
    17:   <%= f.text_field :name %>
    18:   <%= f.label :email %>
  
app/views/application/home.erb:15:in `_app_views_application_home_erb__3976718469068973470_70156560413980'
Started GET "/" for ::1 at 2019-04-04 13:07:11 -0400
Processing by ApplicationController#home as HTML
  Rendering application/home.erb within layouts/application
  Rendered application/home.erb within layouts/application (0.4ms)
Completed 200 OK in 34ms (Views: 31.4ms | ActiveRecord: 0.0ms)


Started GET "/" for ::1 at 2019-04-04 13:11:47 -0400
Processing by ApplicationController#home as HTML
  Rendering application/home.erb within layouts/application
  Rendered application/home.erb within layouts/application (0.6ms)
Completed 200 OK in 18ms (Views: 16.5ms | ActiveRecord: 0.0ms)


Started GET "/" for ::1 at 2019-04-04 13:13:01 -0400
Processing by ApplicationController#home as HTML
  Rendering application/home.erb within layouts/application
  Rendered application/home.erb within layouts/application (0.5ms)
Completed 200 OK in 20ms (Views: 17.4ms | ActiveRecord: 0.0ms)


Started GET "/" for ::1 at 2019-04-04 13:13:21 -0400
Processing by ApplicationController#home as HTML
  Rendering application/home.erb within layouts/application
  Rendered application/home.erb within layouts/application (0.4ms)
Completed 200 OK in 20ms (Views: 17.3ms | ActiveRecord: 0.0ms)


Started GET "/" for ::1 at 2019-04-04 13:14:18 -0400
Processing by ApplicationController#home as HTML
  Rendering application/home.erb within layouts/application
  Rendered application/home.erb within layouts/application (0.5ms)
Completed 200 OK in 20ms (Views: 17.6ms | ActiveRecord: 0.0ms)


Started GET "/" for ::1 at 2019-04-04 13:14:30 -0400
Processing by ApplicationController#home as HTML
  Rendering application/home.erb within layouts/application
  Rendered application/home.erb within layouts/application (0.4ms)
Completed 200 OK in 20ms (Views: 16.7ms | ActiveRecord: 0.0ms)


Started GET "/" for ::1 at 2019-04-04 13:14:43 -0400
Processing by ApplicationController#home as HTML
  Rendering application/home.erb within layouts/application
  Rendered application/home.erb within layouts/application (0.4ms)
Completed 200 OK in 24ms (Views: 21.6ms | ActiveRecord: 0.0ms)


Started GET "/" for ::1 at 2019-04-04 13:15:17 -0400
Processing by ApplicationController#home as HTML
  Rendering application/home.erb within layouts/application
  Rendered application/home.erb within layouts/application (0.5ms)
Completed 200 OK in 19ms (Views: 16.7ms | ActiveRecord: 0.0ms)


Started GET "/" for ::1 at 2019-04-04 13:15:19 -0400
Processing by ApplicationController#home as HTML
  Rendering application/home.erb within layouts/application
  Rendered application/home.erb within layouts/application (0.4ms)
Completed 200 OK in 21ms (Views: 18.8ms | ActiveRecord: 0.0ms)


Started GET "/" for ::1 at 2019-04-04 13:15:19 -0400
Processing by ApplicationController#home as HTML
  Rendering application/home.erb within layouts/application
  Rendered application/home.erb within layouts/application (0.5ms)
Completed 200 OK in 33ms (Views: 27.5ms | ActiveRecord: 0.0ms)


Started GET "/" for ::1 at 2019-04-04 13:15:20 -0400
Processing by ApplicationController#home as HTML
  Rendering application/home.erb within layouts/application
  Rendered application/home.erb within layouts/application (0.4ms)
Completed 200 OK in 19ms (Views: 16.5ms | ActiveRecord: 0.0ms)


Started GET "/" for ::1 at 2019-04-04 13:15:20 -0400
Processing by ApplicationController#home as HTML
  Rendering application/home.erb within layouts/application
  Rendered application/home.erb within layouts/application (0.4ms)
Completed 200 OK in 20ms (Views: 17.9ms | ActiveRecord: 0.0ms)


